<?xml version="1.0" encoding="UTF-8"?>
<!-- Generated by org.testng.reporters.JUnitReportReporter -->
<testsuite hostname="DESKTOP-AVFU5US" failures="0" tests="1" name="Testclasses.Homepage" time="30.277" errors="0" timestamp="2025-06-30T19:44:34 IST" skipped="0">
  <testcase classname="Testclasses.Homepage" name="verifyhomepage" time="30.277"/>
</testsuite> <!-- Testclasses.Homepage -->
