<?xml version="1.0" encoding="UTF-8"?>
<!-- Generated by org.testng.reporters.JUnitReportReporter -->
<testsuite hostname="DESKTOP-AVFU5US" failures="0" tests="1" name="Testclasses.Aboutus" time="68.036" errors="0" timestamp="2025-06-30T20:05:01 IST" skipped="0">
  <testcase classname="Testclasses.Aboutus" name="verifyhomepage" time="68.036"/>
</testsuite> <!-- Testclasses.Aboutus -->
